# JRE version: OpenJDK Runtime Environment (17.0.6) (build 17.0.6+0-b2043.56-9586694)
# Java VM: OpenJDK 64-Bit Server VM (17.0.6+0-b2043.56-9586694, mixed mode, tiered, compressed oops, compressed class ptrs, g1 gc, windows-amd64)
GC Precious Log:
 CPUs: 4 total, 4 available
 Memory: 7966M
 Large Page Support: Disabled
 NUMA Support: Disabled
 Compressed Oops: Enabled (32-bit)
 Heap Region Size: 1M
 Heap Min Capacity: 8M
 Heap Initial Capacity: 126M
 Heap Max Capacity: 1536M
 Pre-touch: Disabled
 Parallel Workers: 4
 Concurrent Workers: 1
 Concurrent Refinement Workers: 4
 Periodic GC: Disabled
Heap:
 garbage-first heap   total 417792K, used 320313K [0x00000000a0000000, 0x0000000100000000)
  region size 1024K, 4 young (4096K), 4 survivors (4096K)
 Metaspace       used 123399K, committed 124672K, reserved 1163264K
  class space    used 16583K, committed 17152K, reserved 1048576K
GC Heap History (20 events):
Event: 100.277 GC heap after
{Heap after GC invocations=96 (full 0):
 garbage-first heap   total 417792K, used 316927K [0x00000000a0000000, 0x0000000100000000)
  region size 1024K, 5 young (5120K), 5 survivors (5120K)
 Metaspace       used 123363K, committed 124672K, reserved 1163264K
  class space    used 16580K, committed 17152K, reserved 1048576K
}
Event: 100.567 GC heap before
{Heap before GC invocations=96 (full 0):
 garbage-first heap   total 417792K, used 370175K [0x00000000a0000000, 0x0000000100000000)
  region size 1024K, 57 young (58368K), 5 survivors (5120K)
 Metaspace       used 123370K, committed 124672K, reserved 1163264K
  class space    used 16581K, committed 17152K, reserved 1048576K
}
Event: 100.579 GC heap after
{Heap after GC invocations=97 (full 0):
 garbage-first heap   total 417792K, used 316982K [0x00000000a0000000, 0x0000000100000000)
  region size 1024K, 5 young (5120K), 5 survivors (5120K)
 Metaspace       used 123370K, committed 124672K, reserved 1163264K
  class space    used 16581K, committed 17152K, reserved 1048576K
}
Event: 100.880 GC heap before
{Heap before GC invocations=97 (full 0):
 garbage-first heap   total 417792K, used 368182K [0x00000000a0000000, 0x0000000100000000)
  region size 1024K, 56 young (57344K), 5 survivors (5120K)
 Metaspace       used 123374K, committed 124672K, reserved 1163264K
  class space    used 16581K, committed 17152K, reserved 1048576K
}
Event: 100.892 GC heap after
{Heap after GC invocations=98 (full 0):
 garbage-first heap   total 417792K, used 317842K [0x00000000a0000000, 0x0000000100000000)
  region size 1024K, 4 young (4096K), 4 survivors (4096K)
 Metaspace       used 123374K, committed 124672K, reserved 1163264K
  class space    used 16581K, committed 17152K, reserved 1048576K
}
Event: 101.179 GC heap before
{Heap before GC invocations=98 (full 0):
 garbage-first heap   total 417792K, used 371090K [0x00000000a0000000, 0x0000000100000000)
  region size 1024K, 56 young (57344K), 4 survivors (4096K)
 Metaspace       used 123380K, committed 124672K, reserved 1163264K
  class space    used 16581K, committed 17152K, reserved 1048576K
}
Event: 101.190 GC heap after
{Heap after GC invocations=99 (full 0):
 garbage-first heap   total 417792K, used 319155K [0x00000000a0000000, 0x0000000100000000)
  region size 1024K, 5 young (5120K), 5 survivors (5120K)
 Metaspace       used 123380K, committed 124672K, reserved 1163264K
  class space    used 16581K, committed 17152K, reserved 1048576K
}
Event: 101.280 GC heap before
{Heap before GC invocations=99 (full 0):
 garbage-first heap   total 417792K, used 370355K [0x00000000a0000000, 0x0000000100000000)
  region size 1024K, 55 young (56320K), 5 survivors (5120K)
 Metaspace       used 123380K, committed 124672K, reserved 1163264K
  class space    used 16581K, committed 17152K, reserved 1048576K
}
Event: 101.294 GC heap after
{Heap after GC invocations=100 (full 0):
 garbage-first heap   total 417792K, used 318814K [0x00000000a0000000, 0x0000000100000000)
  region size 1024K, 4 young (4096K), 4 survivors (4096K)
 Metaspace       used 123380K, committed 124672K, reserved 1163264K
  class space    used 16581K, committed 17152K, reserved 1048576K
}
Event: 101.386 GC heap before
{Heap before GC invocations=100 (full 0):
 garbage-first heap   total 417792K, used 370014K [0x00000000a0000000, 0x0000000100000000)
  region size 1024K, 54 young (55296K), 4 survivors (4096K)
 Metaspace       used 123380K, committed 124672K, reserved 1163264K
  class space    used 16581K, committed 17152K, reserved 1048576K
}
Event: 101.405 GC heap after
{Heap after GC invocations=101 (full 0):
 garbage-first heap   total 417792K, used 318925K [0x00000000a0000000, 0x0000000100000000)
  region size 1024K, 4 young (4096K), 4 survivors (4096K)
 Metaspace       used 123380K, committed 124672K, reserved 1163264K
  class space    used 16581K, committed 17152K, reserved 1048576K
}
Event: 101.602 GC heap before
{Heap before GC invocations=101 (full 0):
 garbage-first heap   total 417792K, used 369101K [0x00000000a0000000, 0x0000000100000000)
  region size 1024K, 54 young (55296K), 4 survivors (4096K)
 Metaspace       used 123382K, committed 124672K, reserved 1163264K
  class space    used 16581K, committed 17152K, reserved 1048576K
}
Event: 101.612 GC heap after
{Heap after GC invocations=102 (full 0):
 garbage-first heap   total 417792K, used 318755K [0x00000000a0000000, 0x0000000100000000)
  region size 1024K, 4 young (4096K), 4 survivors (4096K)
 Metaspace       used 123382K, committed 124672K, reserved 1163264K
  class space    used 16581K, committed 17152K, reserved 1048576K
}
Event: 101.912 GC heap before
{Heap before GC invocations=102 (full 0):
 garbage-first heap   total 417792K, used 369955K [0x00000000a0000000, 0x0000000100000000)
  region size 1024K, 54 young (55296K), 4 survivors (4096K)
 Metaspace       used 123388K, committed 124672K, reserved 1163264K
  class space    used 16581K, committed 17152K, reserved 1048576K
}
Event: 101.925 GC heap after
{Heap after GC invocations=103 (full 0):
 garbage-first heap   total 417792K, used 319026K [0x00000000a0000000, 0x0000000100000000)
  region size 1024K, 4 young (4096K), 4 survivors (4096K)
 Metaspace       used 123388K, committed 124672K, reserved 1163264K
  class space    used 16581K, committed 17152K, reserved 1048576K
}
Event: 102.236 GC heap before
{Heap before GC invocations=103 (full 0):
 garbage-first heap   total 417792K, used 370226K [0x00000000a0000000, 0x0000000100000000)
  region size 1024K, 54 young (55296K), 4 survivors (4096K)
 Metaspace       used 123395K, committed 124672K, reserved 1163264K
  class space    used 16582K, committed 17152K, reserved 1048576K
}
Event: 102.248 GC heap after
{Heap after GC invocations=104 (full 0):
 garbage-first heap   total 417792K, used 319056K [0x00000000a0000000, 0x0000000100000000)
  region size 1024K, 4 young (4096K), 4 survivors (4096K)
 Metaspace       used 123395K, committed 124672K, reserved 1163264K
  class space    used 16582K, committed 17152K, reserved 1048576K
}
Event: 102.511 GC heap before
{Heap before GC invocations=104 (full 0):
 garbage-first heap   total 417792K, used 370256K [0x00000000a0000000, 0x0000000100000000)
  region size 1024K, 54 young (55296K), 4 survivors (4096K)
 Metaspace       used 123397K, committed 124672K, reserved 1163264K
  class space    used 16583K, committed 17152K, reserved 1048576K
}
Event: 102.525 GC heap after
{Heap after GC invocations=105 (full 0):
 garbage-first heap   total 417792K, used 319630K [0x00000000a0000000, 0x0000000100000000)
  region size 1024K, 4 young (4096K), 4 survivors (4096K)
 Metaspace       used 123397K, committed 124672K, reserved 1163264K
  class space    used 16583K, committed 17152K, reserved 1048576K
}
Event: 102.779 GC heap before
{Heap before GC invocations=105 (full 0):
 garbage-first heap   total 417792K, used 370830K [0x00000000a0000000, 0x0000000100000000)
  region size 1024K, 54 young (55296K), 4 survivors (4096K)
 Metaspace       used 123399K, committed 124672K, reserved 1163264K
  class space    used 16583K, committed 17152K, reserved 1048576K
}

