# JRE version: OpenJDK Runtime Environment (17.0.6) (build 17.0.6+0-b2043.56-9586694)
# Java VM: OpenJDK 64-Bit Server VM (17.0.6+0-b2043.56-9586694, mixed mode, tiered, compressed oops, compressed class ptrs, g1 gc, windows-amd64)
GC Precious Log:
 CPUs: 4 total, 4 available
 Memory: 7966M
 Large Page Support: Disabled
 NUMA Support: Disabled
 Compressed Oops: Enabled (32-bit)
 Heap Region Size: 1M
 Heap Min Capacity: 8M
 Heap Initial Capacity: 126M
 Heap Max Capacity: 1536M
 Pre-touch: Disabled
 Parallel Workers: 4
 Concurrent Workers: 1
 Concurrent Refinement Workers: 4
 Periodic GC: Disabled
Heap:
 garbage-first heap   total 363520K, used 261500K [0x00000000a0000000, 0x0000000100000000)
  region size 1024K, 13 young (13312K), 3 survivors (3072K)
 Metaspace       used 135082K, committed 136576K, reserved 1171456K
  class space    used 17720K, committed 18432K, reserved 1048576K
GC Heap History (20 events):
Event: 56.848 GC heap before
{Heap before GC invocations=49 (full 0):
 garbage-first heap   total 363520K, used 289480K [0x00000000a0000000, 0x0000000100000000)
  region size 1024K, 88 young (90112K), 12 survivors (12288K)
 Metaspace       used 121603K, committed 122944K, reserved 1163264K
  class space    used 16099K, committed 16704K, reserved 1048576K
}
Event: 56.862 GC heap after
{Heap after GC invocations=50 (full 0):
 garbage-first heap   total 363520K, used 208354K [0x00000000a0000000, 0x0000000100000000)
  region size 1024K, 5 young (5120K), 5 survivors (5120K)
 Metaspace       used 121603K, committed 122944K, reserved 1163264K
  class space    used 16099K, committed 16704K, reserved 1048576K
}
Event: 60.420 GC heap before
{Heap before GC invocations=50 (full 0):
 garbage-first heap   total 363520K, used 294370K [0x00000000a0000000, 0x0000000100000000)
  region size 1024K, 88 young (90112K), 5 survivors (5120K)
 Metaspace       used 121920K, committed 123264K, reserved 1163264K
  class space    used 16101K, committed 16704K, reserved 1048576K
}
Event: 60.430 GC heap after
{Heap after GC invocations=51 (full 0):
 garbage-first heap   total 363520K, used 212490K [0x00000000a0000000, 0x0000000100000000)
  region size 1024K, 8 young (8192K), 8 survivors (8192K)
 Metaspace       used 121920K, committed 123264K, reserved 1163264K
  class space    used 16101K, committed 16704K, reserved 1048576K
}
Event: 64.260 GC heap before
{Heap before GC invocations=51 (full 0):
 garbage-first heap   total 363520K, used 304650K [0x00000000a0000000, 0x0000000100000000)
  region size 1024K, 91 young (93184K), 8 survivors (8192K)
 Metaspace       used 122354K, committed 123712K, reserved 1163264K
  class space    used 16136K, committed 16768K, reserved 1048576K
}
Event: 64.273 GC heap after
{Heap after GC invocations=52 (full 0):
 garbage-first heap   total 363520K, used 213879K [0x00000000a0000000, 0x0000000100000000)
  region size 1024K, 5 young (5120K), 5 survivors (5120K)
 Metaspace       used 122354K, committed 123712K, reserved 1163264K
  class space    used 16136K, committed 16768K, reserved 1048576K
}
Event: 68.215 GC heap before
{Heap before GC invocations=52 (full 0):
 garbage-first heap   total 363520K, used 302967K [0x00000000a0000000, 0x0000000100000000)
  region size 1024K, 90 young (92160K), 5 survivors (5120K)
 Metaspace       used 129922K, committed 131264K, reserved 1163264K
  class space    used 17097K, committed 17728K, reserved 1048576K
}
Event: 68.230 GC heap after
{Heap after GC invocations=53 (full 0):
 garbage-first heap   total 363520K, used 218727K [0x00000000a0000000, 0x0000000100000000)
  region size 1024K, 10 young (10240K), 10 survivors (10240K)
 Metaspace       used 129922K, committed 131264K, reserved 1163264K
  class space    used 17097K, committed 17728K, reserved 1048576K
}
Event: 74.676 GC heap before
{Heap before GC invocations=53 (full 0):
 garbage-first heap   total 363520K, used 305767K [0x00000000a0000000, 0x0000000100000000)
  region size 1024K, 92 young (94208K), 10 survivors (10240K)
 Metaspace       used 133195K, committed 134592K, reserved 1171456K
  class space    used 17529K, committed 18176K, reserved 1048576K
}
Event: 74.700 GC heap after
{Heap after GC invocations=54 (full 0):
 garbage-first heap   total 363520K, used 224307K [0x00000000a0000000, 0x0000000100000000)
  region size 1024K, 12 young (12288K), 12 survivors (12288K)
 Metaspace       used 133195K, committed 134592K, reserved 1171456K
  class space    used 17529K, committed 18176K, reserved 1048576K
}
Event: 86.951 GC heap before
{Heap before GC invocations=54 (full 0):
 garbage-first heap   total 363520K, used 303155K [0x00000000a0000000, 0x0000000100000000)
  region size 1024K, 90 young (92160K), 12 survivors (12288K)
 Metaspace       used 133466K, committed 134912K, reserved 1171456K
  class space    used 17536K, committed 18176K, reserved 1048576K
}
Event: 86.974 GC heap after
{Heap after GC invocations=55 (full 0):
 garbage-first heap   total 363520K, used 228620K [0x00000000a0000000, 0x0000000100000000)
  region size 1024K, 12 young (12288K), 12 survivors (12288K)
 Metaspace       used 133466K, committed 134912K, reserved 1171456K
  class space    used 17536K, committed 18176K, reserved 1048576K
}
Event: 98.925 GC heap before
{Heap before GC invocations=55 (full 0):
 garbage-first heap   total 363520K, used 306444K [0x00000000a0000000, 0x0000000100000000)
  region size 1024K, 87 young (89088K), 12 survivors (12288K)
 Metaspace       used 133750K, committed 135168K, reserved 1171456K
  class space    used 17559K, committed 18176K, reserved 1048576K
}
Event: 98.947 GC heap after
{Heap after GC invocations=56 (full 0):
 garbage-first heap   total 363520K, used 231402K [0x00000000a0000000, 0x0000000100000000)
  region size 1024K, 3 young (3072K), 3 survivors (3072K)
 Metaspace       used 133750K, committed 135168K, reserved 1171456K
  class space    used 17559K, committed 18176K, reserved 1048576K
}
Event: 101.869 GC heap before
{Heap before GC invocations=56 (full 0):
 garbage-first heap   total 363520K, used 314346K [0x00000000a0000000, 0x0000000100000000)
  region size 1024K, 79 young (80896K), 3 survivors (3072K)
 Metaspace       used 134256K, committed 135744K, reserved 1171456K
  class space    used 17635K, committed 18304K, reserved 1048576K
}
Event: 101.889 GC heap after
{Heap after GC invocations=57 (full 0):
 garbage-first heap   total 363520K, used 245683K [0x00000000a0000000, 0x0000000100000000)
  region size 1024K, 10 young (10240K), 10 survivors (10240K)
 Metaspace       used 134256K, committed 135744K, reserved 1171456K
  class space    used 17635K, committed 18304K, reserved 1048576K
}
Event: 105.116 GC heap before
{Heap before GC invocations=57 (full 0):
 garbage-first heap   total 363520K, used 304051K [0x00000000a0000000, 0x0000000100000000)
  region size 1024K, 68 young (69632K), 10 survivors (10240K)
 Metaspace       used 134469K, committed 135936K, reserved 1171456K
  class space    used 17649K, committed 18304K, reserved 1048576K
}
Event: 105.135 GC heap after
{Heap after GC invocations=58 (full 0):
 garbage-first heap   total 363520K, used 247512K [0x00000000a0000000, 0x0000000100000000)
  region size 1024K, 6 young (6144K), 6 survivors (6144K)
 Metaspace       used 134469K, committed 135936K, reserved 1171456K
  class space    used 17649K, committed 18304K, reserved 1048576K
}
Event: 107.930 GC heap before
{Heap before GC invocations=58 (full 0):
 garbage-first heap   total 363520K, used 313048K [0x00000000a0000000, 0x0000000100000000)
  region size 1024K, 63 young (64512K), 6 survivors (6144K)
 Metaspace       used 134720K, committed 136256K, reserved 1171456K
  class space    used 17660K, committed 18368K, reserved 1048576K
}
Event: 107.946 GC heap after
{Heap after GC invocations=59 (full 0):
 garbage-first heap   total 363520K, used 252284K [0x00000000a0000000, 0x0000000100000000)
  region size 1024K, 3 young (3072K), 3 survivors (3072K)
 Metaspace       used 134720K, committed 136256K, reserved 1171456K
  class space    used 17660K, committed 18368K, reserved 1048576K
}

